<?xml version="1.0" encoding="UTF-8"?>
<testng-results ignored="0" total="1" passed="0" failed="1" skipped="0">
  <reporter-output>
  </reporter-output>
  <suite started-at="2021-06-27T12:21:44 IST" name="Suite" finished-at="2021-06-27T12:21:56 IST" duration-ms="12431">
    <groups>
    </groups>
    <test started-at="2021-06-27T12:21:44 IST" name="TestChrome" finished-at="2021-06-27T12:21:56 IST" duration-ms="12431">
      <class name="com.DemoFramework.Test.LoginTest">
        <test-method is-config="true" signature="Setup()[pri:0, instance:com.DemoFramework.Test.LoginTest@15d49048]" started-at="2021-06-27T12:21:44 IST" name="Setup" finished-at="2021-06-27T12:21:44 IST" duration-ms="36" status="PASS">
          <reporter-output>
          </reporter-output>
        </test-method> <!-- Setup -->
        <test-method is-config="true" signature="LaunchBrowser(java.lang.String, java.lang.String)[pri:0, instance:com.DemoFramework.Test.LoginTest@15d49048]" started-at="2021-06-27T12:21:44 IST" name="LaunchBrowser" finished-at="2021-06-27T12:21:53 IST" duration-ms="9236" status="PASS">
          <params>
            <param index="0">
              <value>
                <![CDATA[Chrome]]>
              </value>
            </param>
            <param index="1">
              <value>
                <![CDATA[https://touch.facebook.com]]>
              </value>
            </param>
          </params>
          <reporter-output>
          </reporter-output>
        </test-method> <!-- LaunchBrowser -->
        <test-method signature="verifyLoginTestTC_001()[pri:0, instance:com.DemoFramework.Test.LoginTest@15d49048]" started-at="2021-06-27T12:21:53 IST" name="verifyLoginTestTC_001" finished-at="2021-06-27T12:21:54 IST" duration-ms="779" status="FAIL">
          <exception class="java.lang.AssertionError">
            <message>
              <![CDATA[expected [nmcmcmc] but found [Facebook - लॉग इन किंवा साइन अप]]]>
            </message>
            <full-stacktrace>
              <![CDATA[java.lang.AssertionError: expected [nmcmcmc] but found [Facebook - लॉग इन किंवा साइन अप]
at org.testng.Assert.fail(Assert.java:99)
at org.testng.Assert.failNotEquals(Assert.java:1037)
at org.testng.Assert.assertEqualsImpl(Assert.java:140)
at org.testng.Assert.assertEquals(Assert.java:122)
at org.testng.Assert.assertEquals(Assert.java:629)
at org.testng.Assert.assertEquals(Assert.java:639)
at com.DemoFramework.Test.LoginTest.verifyLoginTestTC_001(LoginTest.java:36)
at java.base/jdk.internal.reflect.NativeMethodAccessorImpl.invoke0(Native Method)
at java.base/jdk.internal.reflect.NativeMethodAccessorImpl.invoke(NativeMethodAccessorImpl.java:64)
at java.base/jdk.internal.reflect.DelegatingMethodAccessorImpl.invoke(DelegatingMethodAccessorImpl.java:43)
at java.base/java.lang.reflect.Method.invoke(Method.java:564)
at org.testng.internal.MethodInvocationHelper.invokeMethod(MethodInvocationHelper.java:132)
at org.testng.internal.TestInvoker.invokeMethod(TestInvoker.java:599)
at org.testng.internal.TestInvoker.invokeTestMethod(TestInvoker.java:174)
at org.testng.internal.MethodRunner.runInSequence(MethodRunner.java:46)
at org.testng.internal.TestInvoker$MethodInvocationAgent.invoke(TestInvoker.java:822)
at org.testng.internal.TestInvoker.invokeTestMethods(TestInvoker.java:147)
at org.testng.internal.TestMethodWorker.invokeTestMethods(TestMethodWorker.java:146)
at org.testng.internal.TestMethodWorker.run(TestMethodWorker.java:128)
at java.base/java.util.ArrayList.forEach(ArrayList.java:1511)
at org.testng.TestRunner.privateRun(TestRunner.java:764)
at org.testng.TestRunner.run(TestRunner.java:585)
at org.testng.SuiteRunner.runTest(SuiteRunner.java:384)
at org.testng.SuiteRunner.runSequentially(SuiteRunner.java:378)
at org.testng.SuiteRunner.privateRun(SuiteRunner.java:337)
at org.testng.SuiteRunner.run(SuiteRunner.java:286)
at org.testng.SuiteRunnerWorker.runSuite(SuiteRunnerWorker.java:53)
at org.testng.SuiteRunnerWorker.run(SuiteRunnerWorker.java:96)
at org.testng.TestNG.runSuitesSequentially(TestNG.java:1218)
at org.testng.TestNG.runSuitesLocally(TestNG.java:1140)
at org.testng.TestNG.runSuites(TestNG.java:1069)
at org.testng.TestNG.run(TestNG.java:1037)
at org.testng.remote.AbstractRemoteTestNG.run(AbstractRemoteTestNG.java:115)
at org.testng.remote.RemoteTestNG.initAndRun(RemoteTestNG.java:251)
at org.testng.remote.RemoteTestNG.main(RemoteTestNG.java:77)
]]>
            </full-stacktrace>
          </exception> <!-- java.lang.AssertionError -->
          <reporter-output>
          </reporter-output>
        </test-method> <!-- verifyLoginTestTC_001 -->
        <test-method is-config="true" signature="closeBrowser()[pri:0, instance:com.DemoFramework.Test.LoginTest@15d49048]" started-at="2021-06-27T12:21:54 IST" name="closeBrowser" finished-at="2021-06-27T12:21:56 IST" duration-ms="2090" status="PASS">
          <reporter-output>
          </reporter-output>
        </test-method> <!-- closeBrowser -->
      </class> <!-- com.DemoFramework.Test.LoginTest -->
    </test> <!-- TestChrome -->
  </suite> <!-- Suite -->
</testng-results>
